<?xml version="1.0" encoding="UTF-8"?>
<!-- Generated by org.testng.reporters.JUnitReportReporter -->
<testsuite hostname="MSI" failures="0" tests="3" name="org.ridecell.assignment.GitHub.test.GetRepositoryTest" time="16.002" errors="0" timestamp="2020-12-09T12:18:17 IST" skipped="0">
  <testcase classname="org.ridecell.assignment.GitHub.test.GetRepositoryTest" name="assertingUIDataWithApiData" time="0.000"/>
  <system-out/>
  <testcase classname="org.ridecell.assignment.GitHub.test.GetRepositoryTest" name="GetRepositoryDjangoUI" time="11.547"/>
  <system-out/>
  <testcase classname="org.ridecell.assignment.GitHub.test.GetRepositoryTest" name="GetRepositoryDjangoAPI" time="4.455"/>
  <system-out/>
</testsuite> <!-- org.ridecell.assignment.GitHub.test.GetRepositoryTest -->
